2015-11-13 12:18:53,491 [main] INFO  org.mule.module.launcher.application.DefaultMuleApplication - 
++++++++++++++++++++++++++++++++++++++++++++++++++++++++++++
+ Initializing app 'portafolio1c'                          +
++++++++++++++++++++++++++++++++++++++++++++++++++++++++++++
2015-11-13 12:18:53,891 [main] INFO  org.mule.lifecycle.AbstractLifecycleManager - Initialising RegistryBroker
2015-11-13 12:18:54,298 [main] INFO  org.mule.module.extension.internal.manager.DefaultExtensionManager - Starting discovery of extensions
2015-11-13 12:18:54,796 [main] INFO  org.mule.module.extension.internal.manager.DefaultExtensionManager - Discovered 1 extensions
2015-11-13 12:18:54,796 [main] INFO  org.mule.module.extension.internal.manager.DefaultExtensionManager - Registering extension validation (version 3.7)
2015-11-13 12:18:55,014 [main] INFO  org.mule.config.spring.MuleArtifactContext - Refreshing org.mule.config.spring.MuleArtifactContext@674bd420: startup date [Fri Nov 13 12:18:54 CET 2015]; root of context hierarchy
2015-11-13 12:18:59,242 [main] INFO  org.mule.config.spring.processors.NoDevkitInjectorProcessor - JSR-330 'javax.inject.Inject' annotation found and supported for autowiring
2015-11-13 12:19:00,188 [main] WARN  org.mule.expression.DefaultExpressionManager - Expression string is not an expression.  Use isExpression(String) to validate first
2015-11-13 12:19:00,189 [main] WARN  org.mule.expression.DefaultExpressionManager - Expression string is not an expression.  Use isExpression(String) to validate first
2015-11-13 12:19:00,192 [main] WARN  org.mule.expression.DefaultExpressionManager - Expression string is not an expression.  Use isExpression(String) to validate first
2015-11-13 12:19:00,196 [main] WARN  org.mule.expression.DefaultExpressionManager - Expression string is not an expression.  Use isExpression(String) to validate first
2015-11-13 12:19:01,472 [main] WARN  org.springframework.beans.GenericTypeAwarePropertyDescriptor - Invalid JavaBean property 'port' being accessed! Ambiguous write methods found next to actually used [public void org.mule.endpoint.URIBuilder.setPort(java.lang.String)]: [public void org.mule.endpoint.URIBuilder.setPort(int)]
2015-11-13 12:19:02,722 [main] WARN  org.mule.module.ognl.expression.OgnlExpressionEvaluator - OGNL module is deprecated and will be removed in Mule 4.0. Use MEL expressions instead.
2015-11-13 12:19:04,528 [main] INFO  org.mule.lifecycle.AbstractLifecycleManager - Initialising connector: POP3
2015-11-13 12:19:04,931 [main] WARN  org.mule.api.security.tls.TlsProperties - File tls-default.conf not found, using default configuration.
2015-11-13 12:19:05,625 [main] INFO  org.mule.lifecycle.AbstractLifecycleManager - Initialising model: _muleSystemModel
2015-11-13 12:19:05,647 [main] INFO  org.mule.construct.FlowConstructLifecycleManager - Initialising flow: portafolio1cFlow
2015-11-13 12:19:05,648 [main] INFO  org.mule.exception.DefaultMessagingExceptionStrategy - Initialising exception listener: org.mule.exception.DefaultMessagingExceptionStrategy@3d904e9c
2015-11-13 12:19:05,798 [main] INFO  org.mule.processor.SedaStageLifecycleManager - Initialising service: portafolio1cFlow.stage1
2015-11-13 12:19:05,999 [main] INFO  org.mule.util.journal.TransactionJournal - Using files for tx logs /Users/alejandro/AnypointStudio/workspace/.mule/./.mule/portafolio1c/queue-tx-log/tx1.log and /Users/alejandro/AnypointStudio/workspace/.mule/./.mule/portafolio1c/queue-tx-log/tx2.log
2015-11-13 12:19:06,045 [main] INFO  org.mule.util.journal.TransactionJournal - Using files for tx logs /Users/alejandro/AnypointStudio/workspace/.mule/./.mule/portafolio1c/queue-xa-tx-log/tx1.log and /Users/alejandro/AnypointStudio/workspace/.mule/./.mule/portafolio1c/queue-xa-tx-log/tx2.log
2015-11-13 12:19:07,803 [main] INFO  org.mule.config.spring.SpringXmlConfigurationBuilder - Configured Mule using "org.mule.config.spring.SpringXmlConfigurationBuilder" with configuration resource(s): "[ConfigResource{resourceName='/Users/alejandro/AnypointStudio/workspace/.mule/apps/portafolio1c/portafolio1c.xml'}]"
2015-11-13 12:19:07,805 [main] INFO  org.mule.config.builders.AutoConfigurationBuilder - Configured Mule using "org.mule.config.builders.AutoConfigurationBuilder" with configuration resource(s): "[ConfigResource{resourceName='/Users/alejandro/AnypointStudio/workspace/.mule/apps/portafolio1c/portafolio1c.xml'}]"
2015-11-13 12:19:07,812 [main] INFO  org.mule.module.launcher.application.DefaultMuleApplication - 
++++++++++++++++++++++++++++++++++++++++++++++++++++++++++++
+ Starting app 'portafolio1c'                              +
++++++++++++++++++++++++++++++++++++++++++++++++++++++++++++
2015-11-13 12:19:07,819 [main] INFO  org.mule.util.queue.QueueXaResourceManager - Starting ResourceManager
2015-11-13 12:19:07,823 [main] INFO  org.mule.util.queue.QueueXaResourceManager - Started ResourceManager
2015-11-13 12:19:07,882 [main] INFO  org.mule.transport.email.Pop3sConnector - Connected: Pop3sConnector
{
  name=POP3
  lifecycle=initialise
  this=665522c2
  numberOfConcurrentTransactedReceivers=4
  createMultipleTransactedReceivers=true
  connected=true
  supportedProtocols=[pop3s]
  serviceOverrides=<none>
}

2015-11-13 12:19:07,884 [main] INFO  org.mule.transport.email.Pop3sConnector - Starting: Pop3sConnector
{
  name=POP3
  lifecycle=initialise
  this=665522c2
  numberOfConcurrentTransactedReceivers=4
  createMultipleTransactedReceivers=true
  connected=true
  supportedProtocols=[pop3s]
  serviceOverrides=<none>
}

2015-11-13 12:19:07,929 [main] INFO  org.mule.lifecycle.AbstractLifecycleManager - Starting connector: POP3
2015-11-13 12:19:07,980 [main] INFO  org.mule.modules.oauth2.provider.agents.DefaultSplashScreenAgent - 
++++++++++++++++++++++++++++++++++++++++++++++++++++++++++++++++++++++++++++++++
+ DevKit Extensions (0) used in this application 
                             +
++++++++++++++++++++++++++++++++++++++++++++++++++++++++++++++++++++++++++++++++
2015-11-13 12:19:07,995 [main] INFO  org.mule.lifecycle.AbstractLifecycleManager - Starting model: _muleSystemModel
2015-11-13 12:19:08,006 [main] INFO  org.mule.construct.FlowConstructLifecycleManager - Starting flow: portafolio1cFlow
2015-11-13 12:19:08,009 [main] INFO  org.mule.processor.SedaStageLifecycleManager - Starting service: portafolio1cFlow.stage1
2015-11-13 12:19:08,038 [main] INFO  org.mule.transport.email.Pop3sConnector - Registering listener: portafolio1cFlow on endpointUri: pop3s://iap1516:****@pop.gmail.com:995
2015-11-13 12:19:08,157 [main] INFO  org.mule.transport.service.DefaultTransportServiceDescriptor - Loading default inbound transformer: org.mule.transport.email.transformers.EmailMessageToString
2015-11-13 12:19:08,173 [main] INFO  org.mule.lifecycle.AbstractLifecycleManager - Initialising: 'null'. Object is: RetrieveMessageReceiver
2015-11-13 12:19:08,201 [main] INFO  org.mule.transport.email.RetrieveMessageReceiver - Connecting clusterizable message receiver
2015-11-13 12:19:08,235 [main] INFO  org.mule.api.security.tls.TlsPropertiesMapper - Defaulting mule.email.pop3s trust store to client Key Store
2015-11-13 12:19:08,410 [main] WARN  org.mule.api.security.tls.TlsProperties - File tls-default.conf not found, using default configuration.
2015-11-13 12:19:13,017 [main] WARN  org.mule.api.security.tls.TlsProperties - File tls-default.conf not found, using default configuration.
2015-11-13 12:19:13,621 [main] ERROR org.mule.module.launcher.application.DefaultMuleApplication - null
javax.mail.AuthenticationFailedException: [SYS/TEMP] Temporary system problem.  Please try again later. m203mb35033392lfm
	at com.sun.mail.pop3.POP3Store.protocolConnect(POP3Store.java:174) ~[mail-1.4.3.jar:1.4.3]
	at javax.mail.Service.connect(Service.java:313) ~[mail-1.4.3.jar:1.4.3]
	at javax.mail.Service.connect(Service.java:172) ~[mail-1.4.3.jar:1.4.3]
	at javax.mail.Service.connect(Service.java:121) ~[mail-1.4.3.jar:1.4.3]
	at org.mule.transport.email.RetrieveMessageReceiver.doConnect(RetrieveMessageReceiver.java:84) ~[mule-transport-email-3.7.2.jar:3.7.2]
	at org.mule.transport.AbstractMessageReceiver.connectHandler(AbstractMessageReceiver.java:447) ~[mule-core-3.7.2.jar:3.7.2]
	at org.mule.transport.AbstractTransportMessageHandler.connect(AbstractTransportMessageHandler.java:214) ~[mule-core-3.7.2.jar:3.7.2]
	at org.mule.transport.AbstractConnector.registerListener(AbstractConnector.java:1272) ~[mule-core-3.7.2.jar:3.7.2]
	at org.mule.endpoint.DefaultInboundEndpoint.start(DefaultInboundEndpoint.java:104) ~[mule-core-3.7.2.jar:3.7.2]
	at org.mule.construct.AbstractFlowConstruct.startIfStartable(AbstractFlowConstruct.java:325) ~[mule-core-3.7.2.jar:3.7.2]
	at org.mule.construct.AbstractPipeline.doStart(AbstractPipeline.java:353) ~[mule-core-3.7.2.jar:3.7.2]
	at org.mule.construct.Flow.doStart(Flow.java:90) ~[mule-core-3.7.2.jar:3.7.2]
	at org.mule.construct.AbstractFlowConstruct$2.onTransition(AbstractFlowConstruct.java:136) ~[mule-core-3.7.2.jar:3.7.2]
	at org.mule.construct.AbstractFlowConstruct$2.onTransition(AbstractFlowConstruct.java:132) ~[mule-core-3.7.2.jar:3.7.2]
	at org.mule.lifecycle.AbstractLifecycleManager.invokePhase(AbstractLifecycleManager.java:138) ~[mule-core-3.7.2.jar:3.7.2]
	at org.mule.construct.FlowConstructLifecycleManager.fireStartPhase(FlowConstructLifecycleManager.java:92) ~[mule-core-3.7.2.jar:3.7.2]
	at org.mule.construct.AbstractFlowConstruct.start(AbstractFlowConstruct.java:131) ~[mule-core-3.7.2.jar:3.7.2]
	at sun.reflect.NativeMethodAccessorImpl.invoke0(Native Method) ~[?:1.8.0_65]
	at sun.reflect.NativeMethodAccessorImpl.invoke(NativeMethodAccessorImpl.java:62) ~[?:1.8.0_65]
	at sun.reflect.DelegatingMethodAccessorImpl.invoke(DelegatingMethodAccessorImpl.java:43) ~[?:1.8.0_65]
	at java.lang.reflect.Method.invoke(Method.java:497) ~[?:1.8.0_65]
	at org.mule.lifecycle.phases.DefaultLifecyclePhase.applyLifecycle(DefaultLifecyclePhase.java:237) ~[mule-core-3.7.2.jar:3.7.2]
	at org.mule.lifecycle.RegistryLifecycleCallback.doApplyLifecycle(RegistryLifecycleCallback.java:91) ~[mule-core-3.7.2.jar:3.7.2]
	at org.mule.lifecycle.RegistryLifecycleCallback.onTransition(RegistryLifecycleCallback.java:67) ~[mule-core-3.7.2.jar:3.7.2]
	at org.mule.lifecycle.RegistryLifecycleManager.invokePhase(RegistryLifecycleManager.java:140) ~[mule-core-3.7.2.jar:3.7.2]
	at org.mule.lifecycle.RegistryLifecycleManager.fireLifecycle(RegistryLifecycleManager.java:111) ~[mule-core-3.7.2.jar:3.7.2]
	at org.mule.registry.AbstractRegistryBroker.fireLifecycle(AbstractRegistryBroker.java:88) ~[mule-core-3.7.2.jar:3.7.2]
	at org.mule.registry.MuleRegistryHelper.fireLifecycle(MuleRegistryHelper.java:141) ~[mule-core-3.7.2.jar:3.7.2]
	at org.mule.lifecycle.MuleContextLifecycleManager$MuleContextLifecycleCallback.onTransition(MuleContextLifecycleManager.java:91) ~[mule-core-3.7.2.jar:3.7.2]
	at org.mule.lifecycle.MuleContextLifecycleManager$MuleContextLifecycleCallback.onTransition(MuleContextLifecycleManager.java:87) ~[mule-core-3.7.2.jar:3.7.2]
	at org.mule.lifecycle.MuleContextLifecycleManager.invokePhase(MuleContextLifecycleManager.java:69) ~[mule-core-3.7.2.jar:3.7.2]
	at org.mule.lifecycle.MuleContextLifecycleManager.fireLifecycle(MuleContextLifecycleManager.java:61) ~[mule-core-3.7.2.jar:3.7.2]
	at org.mule.DefaultMuleContext.start(DefaultMuleContext.java:294) ~[mule-core-3.7.2.jar:3.7.2]
	at org.mule.module.launcher.application.DefaultMuleApplication.start(DefaultMuleApplication.java:134) ~[mule-module-launcher-3.7.2.jar:3.7.2]
	at org.mule.module.launcher.artifact.ArtifactWrapper$4.execute(ArtifactWrapper.java:98) ~[mule-module-launcher-3.7.2.jar:3.7.2]
	at org.mule.module.launcher.artifact.ArtifactWrapper.executeWithinArtifactClassLoader(ArtifactWrapper.java:129) ~[mule-module-launcher-3.7.2.jar:3.7.2]
	at org.mule.module.launcher.artifact.ArtifactWrapper.start(ArtifactWrapper.java:93) ~[mule-module-launcher-3.7.2.jar:3.7.2]
	at org.mule.module.launcher.DefaultArtifactDeployer.deploy(DefaultArtifactDeployer.java:26) ~[mule-module-launcher-3.7.2.jar:3.7.2]
	at org.mule.module.launcher.DefaultArchiveDeployer.guardedDeploy(DefaultArchiveDeployer.java:310) ~[mule-module-launcher-3.7.2.jar:3.7.2]
	at org.mule.module.launcher.DefaultArchiveDeployer.deployArtifact(DefaultArchiveDeployer.java:330) ~[mule-module-launcher-3.7.2.jar:3.7.2]
	at org.mule.module.launcher.DefaultArchiveDeployer.deployPackagedArtifact(DefaultArchiveDeployer.java:155) ~[mule-module-launcher-3.7.2.jar:3.7.2]
	at org.mule.module.launcher.DefaultArchiveDeployer.deployPackagedArtifact(DefaultArchiveDeployer.java:256) ~[mule-module-launcher-3.7.2.jar:3.7.2]
	at org.mule.module.launcher.DefaultArchiveDeployer.deployPackagedArtifact(DefaultArchiveDeployer.java:78) ~[mule-module-launcher-3.7.2.jar:3.7.2]
	at org.mule.module.launcher.DeploymentDirectoryWatcher.deployPackedApps(DeploymentDirectoryWatcher.java:275) ~[mule-module-launcher-3.7.2.jar:3.7.2]
	at org.mule.module.launcher.DeploymentDirectoryWatcher.start(DeploymentDirectoryWatcher.java:150) ~[mule-module-launcher-3.7.2.jar:3.7.2]
	at org.mule.module.launcher.MuleDeploymentService.start(MuleDeploymentService.java:100) ~[mule-module-launcher-3.7.2.jar:3.7.2]
	at org.mule.module.launcher.MuleContainer.start(MuleContainer.java:170) ~[mule-module-launcher-3.7.2.jar:3.7.2]
	at org.mule.tooling.server.application.ApplicationDeployer.main(ApplicationDeployer.java:15) ~[tooling-support-3.7.2.jar:?]
2015-11-13 12:19:13,623 [main] INFO  org.mule.module.launcher.application.DefaultMuleApplication - 
++++++++++++++++++++++++++++++++++++++++++++++++++++++++++++
+ Disposing app 'portafolio1c'                             +
++++++++++++++++++++++++++++++++++++++++++++++++++++++++++++
2015-11-13 12:19:13,626 [main] INFO  org.mule.lifecycle.AbstractLifecycleManager - Disposing RegistryBroker
2015-11-13 12:19:13,631 [main] INFO  org.mule.construct.FlowConstructLifecycleManager - Disposing flow: portafolio1cFlow
2015-11-13 12:19:13,639 [main] ERROR org.mule.construct.Flow - Failed to stop service: portafolio1cFlow
org.mule.api.lifecycle.LifecycleException: Lifecycle Manager 'portafolio1cFlow.stage1' phase 'start' does not support phase 'dispose'
	at org.mule.lifecycle.AbstractLifecycleManager.invokePhase(AbstractLifecycleManager.java:153) ~[mule-core-3.7.2.jar:3.7.2]
	at org.mule.construct.FlowConstructLifecycleManager.fireDisposePhase(FlowConstructLifecycleManager.java:144) ~[mule-core-3.7.2.jar:3.7.2]
	at org.mule.construct.AbstractFlowConstruct.dispose(AbstractFlowConstruct.java:162) ~[mule-core-3.7.2.jar:3.7.2]
	at sun.reflect.NativeMethodAccessorImpl.invoke0(Native Method) ~[?:1.8.0_65]
	at sun.reflect.NativeMethodAccessorImpl.invoke(NativeMethodAccessorImpl.java:62) ~[?:1.8.0_65]
	at sun.reflect.DelegatingMethodAccessorImpl.invoke(DelegatingMethodAccessorImpl.java:43) ~[?:1.8.0_65]
	at java.lang.reflect.Method.invoke(Method.java:497) ~[?:1.8.0_65]
	at org.mule.lifecycle.phases.DefaultLifecyclePhase.applyLifecycle(DefaultLifecyclePhase.java:237) ~[mule-core-3.7.2.jar:3.7.2]
	at org.mule.lifecycle.phases.MuleContextDisposePhase.applyLifecycle(MuleContextDisposePhase.java:102) ~[mule-core-3.7.2.jar:3.7.2]
	at org.mule.config.spring.SpringRegistryLifecycleManager$SpringContextDisposePhase.applyLifecycle(SpringRegistryLifecycleManager.java:141) ~[mule-module-spring-config-3.7.2.jar:3.7.2]
	at org.mule.lifecycle.RegistryLifecycleCallback.doApplyLifecycle(RegistryLifecycleCallback.java:91) ~[mule-core-3.7.2.jar:3.7.2]
	at org.mule.lifecycle.RegistryLifecycleCallback.onTransition(RegistryLifecycleCallback.java:67) ~[mule-core-3.7.2.jar:3.7.2]
	at org.mule.lifecycle.RegistryLifecycleManager.invokePhase(RegistryLifecycleManager.java:140) ~[mule-core-3.7.2.jar:3.7.2]
	at org.mule.lifecycle.RegistryLifecycleManager.fireLifecycle(RegistryLifecycleManager.java:111) ~[mule-core-3.7.2.jar:3.7.2]
	at org.mule.registry.AbstractRegistry.dispose(AbstractRegistry.java:68) ~[mule-core-3.7.2.jar:3.7.2]
	at org.mule.registry.AbstractRegistryBroker$2.onTransition(AbstractRegistryBroker.java:69) ~[mule-core-3.7.2.jar:3.7.2]
	at org.mule.registry.AbstractRegistryBroker$2.onTransition(AbstractRegistryBroker.java:64) ~[mule-core-3.7.2.jar:3.7.2]
	at org.mule.lifecycle.RegistryLifecycleManager.invokePhase(RegistryLifecycleManager.java:140) ~[mule-core-3.7.2.jar:3.7.2]
	at org.mule.lifecycle.RegistryBrokerLifecycleManager.fireDisposePhase(RegistryBrokerLifecycleManager.java:82) ~[mule-core-3.7.2.jar:3.7.2]
	at org.mule.registry.AbstractRegistryBroker.dispose(AbstractRegistryBroker.java:63) ~[mule-core-3.7.2.jar:3.7.2]
	at org.mule.registry.MuleRegistryHelper.fireLifecycle(MuleRegistryHelper.java:137) ~[mule-core-3.7.2.jar:3.7.2]
	at org.mule.lifecycle.MuleContextLifecycleManager$MuleContextLifecycleCallback.onTransition(MuleContextLifecycleManager.java:91) ~[mule-core-3.7.2.jar:3.7.2]
	at org.mule.lifecycle.MuleContextLifecycleManager$MuleContextLifecycleCallback.onTransition(MuleContextLifecycleManager.java:87) ~[mule-core-3.7.2.jar:3.7.2]
	at org.mule.lifecycle.MuleContextLifecycleManager.invokePhase(MuleContextLifecycleManager.java:69) ~[mule-core-3.7.2.jar:3.7.2]
	at org.mule.lifecycle.MuleContextLifecycleManager.fireLifecycle(MuleContextLifecycleManager.java:61) ~[mule-core-3.7.2.jar:3.7.2]
	at org.mule.DefaultMuleContext.dispose(DefaultMuleContext.java:345) ~[mule-core-3.7.2.jar:3.7.2]
	at org.mule.module.launcher.application.DefaultMuleApplication.doDispose(DefaultMuleApplication.java:405) ~[mule-module-launcher-3.7.2.jar:3.7.2]
	at org.mule.module.launcher.application.DefaultMuleApplication.dispose(DefaultMuleApplication.java:288) ~[mule-module-launcher-3.7.2.jar:3.7.2]
	at org.mule.module.launcher.artifact.ArtifactWrapper$1.execute(ArtifactWrapper.java:39) ~[mule-module-launcher-3.7.2.jar:3.7.2]
	at org.mule.module.launcher.artifact.ArtifactWrapper.executeWithinArtifactClassLoader(ArtifactWrapper.java:129) ~[mule-module-launcher-3.7.2.jar:3.7.2]
	at org.mule.module.launcher.artifact.ArtifactWrapper.dispose(ArtifactWrapper.java:34) ~[mule-module-launcher-3.7.2.jar:3.7.2]
	at org.mule.module.launcher.DefaultArtifactDeployer.deploy(DefaultArtifactDeployer.java:30) ~[mule-module-launcher-3.7.2.jar:3.7.2]
	at org.mule.module.launcher.DefaultArchiveDeployer.guardedDeploy(DefaultArchiveDeployer.java:310) ~[mule-module-launcher-3.7.2.jar:3.7.2]
	at org.mule.module.launcher.DefaultArchiveDeployer.deployArtifact(DefaultArchiveDeployer.java:330) ~[mule-module-launcher-3.7.2.jar:3.7.2]
	at org.mule.module.launcher.DefaultArchiveDeployer.deployPackagedArtifact(DefaultArchiveDeployer.java:155) ~[mule-module-launcher-3.7.2.jar:3.7.2]
	at org.mule.module.launcher.DefaultArchiveDeployer.deployPackagedArtifact(DefaultArchiveDeployer.java:256) ~[mule-module-launcher-3.7.2.jar:3.7.2]
	at org.mule.module.launcher.DefaultArchiveDeployer.deployPackagedArtifact(DefaultArchiveDeployer.java:78) ~[mule-module-launcher-3.7.2.jar:3.7.2]
	at org.mule.module.launcher.DeploymentDirectoryWatcher.deployPackedApps(DeploymentDirectoryWatcher.java:275) ~[mule-module-launcher-3.7.2.jar:3.7.2]
	at org.mule.module.launcher.DeploymentDirectoryWatcher.start(DeploymentDirectoryWatcher.java:150) ~[mule-module-launcher-3.7.2.jar:3.7.2]
	at org.mule.module.launcher.MuleDeploymentService.start(MuleDeploymentService.java:100) ~[mule-module-launcher-3.7.2.jar:3.7.2]
	at org.mule.module.launcher.MuleContainer.start(MuleContainer.java:170) ~[mule-module-launcher-3.7.2.jar:3.7.2]
	at org.mule.tooling.server.application.ApplicationDeployer.main(ApplicationDeployer.java:15) ~[tooling-support-3.7.2.jar:?]
Caused by: java.lang.IllegalStateException: Lifecycle Manager 'portafolio1cFlow.stage1' phase 'start' does not support phase 'dispose'
	at org.mule.lifecycle.AbstractLifecycleManager.checkPhase(AbstractLifecycleManager.java:118) ~[mule-core-3.7.2.jar:3.7.2]
	at org.mule.processor.SedaStageLifecycleManager.fireDisposePhase(SedaStageLifecycleManager.java:117) ~[mule-core-3.7.2.jar:3.7.2]
	at org.mule.processor.SedaStageInterceptingMessageProcessor.dispose(SedaStageInterceptingMessageProcessor.java:429) ~[mule-core-3.7.2.jar:3.7.2]
	at org.mule.processor.chain.AbstractMessageProcessorChain.dispose(AbstractMessageProcessorChain.java:136) ~[mule-core-3.7.2.jar:3.7.2]
	at org.mule.construct.AbstractFlowConstruct.disposeIfDisposable(AbstractFlowConstruct.java:341) ~[mule-core-3.7.2.jar:3.7.2]
	at org.mule.construct.AbstractPipeline.doDispose(AbstractPipeline.java:463) ~[mule-core-3.7.2.jar:3.7.2]
	at org.mule.construct.AbstractFlowConstruct$4.onTransition(AbstractFlowConstruct.java:166) ~[mule-core-3.7.2.jar:3.7.2]
	at org.mule.construct.AbstractFlowConstruct$4.onTransition(AbstractFlowConstruct.java:163) ~[mule-core-3.7.2.jar:3.7.2]
	at org.mule.lifecycle.AbstractLifecycleManager.invokePhase(AbstractLifecycleManager.java:138) ~[mule-core-3.7.2.jar:3.7.2]
	... 41 more
2015-11-13 12:19:15,427 [main] INFO  org.mule.config.spring.MuleArtifactContext - Closing org.mule.config.spring.MuleArtifactContext@674bd420: startup date [Fri Nov 13 12:18:54 CET 2015]; root of context hierarchy
2015-11-13 12:19:15,501 [main] INFO  org.mule.DefaultMuleContext - 
**********************************************************************
* Application "portafolio1c" shut down normally on: 11/13/15 12:19   *
* PM                                                                 *
* Up for: 0 days, 0 hours, 0 mins, 7.680 sec                         *
**********************************************************************
2015-11-13 12:48:34,336 [main] INFO  org.mule.module.launcher.application.DefaultMuleApplication - 
++++++++++++++++++++++++++++++++++++++++++++++++++++++++++++
+ Initializing app 'portafolio1c'                          +
++++++++++++++++++++++++++++++++++++++++++++++++++++++++++++
2015-11-13 12:48:34,498 [main] INFO  org.mule.lifecycle.AbstractLifecycleManager - Initialising RegistryBroker
2015-11-13 12:48:34,651 [main] INFO  org.mule.module.extension.internal.manager.DefaultExtensionManager - Starting discovery of extensions
2015-11-13 12:48:34,839 [main] INFO  org.mule.module.extension.internal.manager.DefaultExtensionManager - Discovered 1 extensions
2015-11-13 12:48:34,841 [main] INFO  org.mule.module.extension.internal.manager.DefaultExtensionManager - Registering extension validation (version 3.7)
2015-11-13 12:48:34,935 [main] INFO  org.mule.config.spring.MuleArtifactContext - Refreshing org.mule.config.spring.MuleArtifactContext@674bd420: startup date [Fri Nov 13 12:48:34 CET 2015]; root of context hierarchy
2015-11-13 12:48:36,762 [main] INFO  org.mule.config.spring.processors.NoDevkitInjectorProcessor - JSR-330 'javax.inject.Inject' annotation found and supported for autowiring
2015-11-13 12:48:37,268 [main] WARN  org.mule.expression.DefaultExpressionManager - Expression string is not an expression.  Use isExpression(String) to validate first
2015-11-13 12:48:37,269 [main] WARN  org.mule.expression.DefaultExpressionManager - Expression string is not an expression.  Use isExpression(String) to validate first
2015-11-13 12:48:37,271 [main] WARN  org.mule.expression.DefaultExpressionManager - Expression string is not an expression.  Use isExpression(String) to validate first
2015-11-13 12:48:37,272 [main] WARN  org.mule.expression.DefaultExpressionManager - Expression string is not an expression.  Use isExpression(String) to validate first
2015-11-13 12:48:37,881 [main] WARN  org.springframework.beans.GenericTypeAwarePropertyDescriptor - Invalid JavaBean property 'port' being accessed! Ambiguous write methods found next to actually used [public void org.mule.endpoint.URIBuilder.setPort(java.lang.String)]: [public void org.mule.endpoint.URIBuilder.setPort(int)]
2015-11-13 12:48:38,496 [main] WARN  org.mule.module.ognl.expression.OgnlExpressionEvaluator - OGNL module is deprecated and will be removed in Mule 4.0. Use MEL expressions instead.
2015-11-13 12:48:38,978 [main] INFO  org.mule.lifecycle.AbstractLifecycleManager - Initialising connector: POP3
2015-11-13 12:48:39,090 [main] WARN  org.mule.api.security.tls.TlsProperties - File tls-default.conf not found, using default configuration.
2015-11-13 12:48:39,358 [main] INFO  org.mule.lifecycle.AbstractLifecycleManager - Initialising model: _muleSystemModel
2015-11-13 12:48:39,366 [main] INFO  org.mule.construct.FlowConstructLifecycleManager - Initialising flow: portafolio1cFlow
2015-11-13 12:48:39,368 [main] INFO  org.mule.exception.DefaultMessagingExceptionStrategy - Initialising exception listener: org.mule.exception.DefaultMessagingExceptionStrategy@3d904e9c
2015-11-13 12:48:39,418 [main] INFO  org.mule.processor.SedaStageLifecycleManager - Initialising service: portafolio1cFlow.stage1
2015-11-13 12:48:39,480 [main] INFO  org.mule.util.journal.TransactionJournal - Using files for tx logs /Users/alejandro/AnypointStudio/workspace/.mule/./.mule/portafolio1c/queue-tx-log/tx1.log and /Users/alejandro/AnypointStudio/workspace/.mule/./.mule/portafolio1c/queue-tx-log/tx2.log
2015-11-13 12:48:39,522 [main] INFO  org.mule.util.journal.TransactionJournal - Using files for tx logs /Users/alejandro/AnypointStudio/workspace/.mule/./.mule/portafolio1c/queue-xa-tx-log/tx1.log and /Users/alejandro/AnypointStudio/workspace/.mule/./.mule/portafolio1c/queue-xa-tx-log/tx2.log
2015-11-13 12:48:40,068 [main] INFO  org.mule.config.spring.SpringXmlConfigurationBuilder - Configured Mule using "org.mule.config.spring.SpringXmlConfigurationBuilder" with configuration resource(s): "[ConfigResource{resourceName='/Users/alejandro/AnypointStudio/workspace/.mule/apps/portafolio1c/portafolio1c.xml'}]"
2015-11-13 12:48:40,068 [main] INFO  org.mule.config.builders.AutoConfigurationBuilder - Configured Mule using "org.mule.config.builders.AutoConfigurationBuilder" with configuration resource(s): "[ConfigResource{resourceName='/Users/alejandro/AnypointStudio/workspace/.mule/apps/portafolio1c/portafolio1c.xml'}]"
2015-11-13 12:48:40,070 [main] INFO  org.mule.module.launcher.application.DefaultMuleApplication - 
++++++++++++++++++++++++++++++++++++++++++++++++++++++++++++
+ Starting app 'portafolio1c'                              +
++++++++++++++++++++++++++++++++++++++++++++++++++++++++++++
2015-11-13 12:48:40,074 [main] INFO  org.mule.util.queue.QueueXaResourceManager - Starting ResourceManager
2015-11-13 12:48:40,074 [main] INFO  org.mule.util.queue.QueueXaResourceManager - Started ResourceManager
2015-11-13 12:48:40,101 [main] INFO  org.mule.transport.email.Pop3sConnector - Connected: Pop3sConnector
{
  name=POP3
  lifecycle=initialise
  this=665522c2
  numberOfConcurrentTransactedReceivers=4
  createMultipleTransactedReceivers=true
  connected=true
  supportedProtocols=[pop3s]
  serviceOverrides=<none>
}

2015-11-13 12:48:40,102 [main] INFO  org.mule.transport.email.Pop3sConnector - Starting: Pop3sConnector
{
  name=POP3
  lifecycle=initialise
  this=665522c2
  numberOfConcurrentTransactedReceivers=4
  createMultipleTransactedReceivers=true
  connected=true
  supportedProtocols=[pop3s]
  serviceOverrides=<none>
}

2015-11-13 12:48:40,103 [main] INFO  org.mule.lifecycle.AbstractLifecycleManager - Starting connector: POP3
2015-11-13 12:48:40,112 [main] INFO  org.mule.modules.oauth2.provider.agents.DefaultSplashScreenAgent - 
++++++++++++++++++++++++++++++++++++++++++++++++++++++++++++++++++++++++++++++++
+ DevKit Extensions (0) used in this application 
                             +
++++++++++++++++++++++++++++++++++++++++++++++++++++++++++++++++++++++++++++++++
2015-11-13 12:48:40,115 [main] INFO  org.mule.lifecycle.AbstractLifecycleManager - Starting model: _muleSystemModel
2015-11-13 12:48:40,118 [main] INFO  org.mule.construct.FlowConstructLifecycleManager - Starting flow: portafolio1cFlow
2015-11-13 12:48:40,119 [main] INFO  org.mule.processor.SedaStageLifecycleManager - Starting service: portafolio1cFlow.stage1
2015-11-13 12:48:40,130 [main] INFO  org.mule.transport.email.Pop3sConnector - Registering listener: portafolio1cFlow on endpointUri: pop3s://iap1516etsinf:****@pop.gmail.com:995
2015-11-13 12:48:40,160 [main] INFO  org.mule.transport.service.DefaultTransportServiceDescriptor - Loading default inbound transformer: org.mule.transport.email.transformers.EmailMessageToString
2015-11-13 12:48:40,164 [main] INFO  org.mule.lifecycle.AbstractLifecycleManager - Initialising: 'null'. Object is: RetrieveMessageReceiver
2015-11-13 12:48:40,169 [main] INFO  org.mule.transport.email.RetrieveMessageReceiver - Connecting clusterizable message receiver
2015-11-13 12:48:40,172 [main] INFO  org.mule.api.security.tls.TlsPropertiesMapper - Defaulting mule.email.pop3s trust store to client Key Store
2015-11-13 12:48:40,248 [main] WARN  org.mule.api.security.tls.TlsProperties - File tls-default.conf not found, using default configuration.
2015-11-13 12:48:43,144 [main] INFO  org.mule.lifecycle.AbstractLifecycleManager - Starting: 'null'. Object is: RetrieveMessageReceiver
2015-11-13 12:48:43,144 [main] INFO  org.mule.transport.email.RetrieveMessageReceiver - Starting clusterizable message receiver
2015-11-13 12:48:43,205 [main] INFO  org.mule.module.management.agent.WrapperManagerAgent - This JVM hasn't been launched by the wrapper, the agent will not run.
2015-11-13 12:48:43,247 [main] INFO  org.mule.module.management.agent.AbstractJmxAgent - Attempting to register service with name: Mule.portafolio1c:type=Endpoint,service="portafolio1cFlow",connector=POP3,name="endpoint.pop3s.iap1516etsinf.gmail.com.995"
2015-11-13 12:48:43,248 [main] INFO  org.mule.module.management.agent.AbstractJmxAgent - Registered Endpoint Service with name: Mule.portafolio1c:type=Endpoint,service="portafolio1cFlow",connector=POP3,name="endpoint.pop3s.iap1516etsinf.gmail.com.995"
2015-11-13 12:48:43,250 [main] INFO  org.mule.module.management.agent.AbstractJmxAgent - Registered Connector Service with name Mule.portafolio1c:type=Connector,name="POP3.1"
2015-11-13 12:48:43,257 [main] INFO  org.mule.DefaultMuleContext - 
**********************************************************************
* Application: portafolio1c                                          *
* OS encoding: /, Mule encoding: UTF-8                               *
*                                                                    *
* Agents Running:                                                    *
*   DevKit Extension Information                                     *
*   JMX Agent                                                        *
*   Batch module default engine                                      *
*   Wrapper Manager                                                  *
**********************************************************************
2015-11-13 12:48:45,649 [[portafolio1c].portafolio1cFlow.stage1.05] WARN  org.mule.routing.ExpressionSplitter - Splitter returned no results. If this is not expected, please check your split expression
2015-11-13 12:48:46,441 [[portafolio1c].portafolio1cFlow.stage1.02] ERROR org.mule.exception.DefaultMessagingExceptionStrategy - 
********************************************************************************
Message               : Execution of the expression "message.payload[1]" failed. (org.mule.api.expression.ExpressionRuntimeException). Message payload is of type: String[]
Type                  : org.mule.api.MessagingException
Code                  : MULE_ERROR--2
JavaDoc               : http://www.mulesoft.org/docs/site/current3/apidocs/org/mule/api/MessagingException.html
Payload               : [Ljava.lang.String;@5bd80783
********************************************************************************
Exception stack is:
1. null (java.lang.ArrayIndexOutOfBoundsException)
  java.lang.reflect.Array:-2 (null)
2. [Error: message.payload[1]: array index out of bounds.]
[Near : {... message.payload[1] ....}]
             ^
[Line: 1, Column: 1] (org.mule.mvel2.PropertyAccessException)
  org.mule.mvel2.optimizers.impl.refl.ReflectiveAccessorOptimizer:499 (http://www.mulesoft.org/docs/site/current3/apidocs/org/mule/mvel2/PropertyAccessException.html)
3. Execution of the expression "message.payload[1]" failed. (org.mule.api.expression.ExpressionRuntimeException)
  org.mule.el.mvel.MVELExpressionLanguage:232 (http://www.mulesoft.org/docs/site/current3/apidocs/org/mule/api/expression/ExpressionRuntimeException.html)
4. Execution of the expression "message.payload[1]" failed. (org.mule.api.expression.ExpressionRuntimeException). Message payload is of type: String[] (org.mule.api.MessagingException)
  org.mule.execution.ExceptionToMessagingExceptionExecutionInterceptor:32 (http://www.mulesoft.org/docs/site/current3/apidocs/org/mule/api/MessagingException.html)
********************************************************************************
Root Exception stack trace:
java.lang.ArrayIndexOutOfBoundsException
	at java.lang.reflect.Array.get(Native Method)
	at org.mule.mvel2.optimizers.impl.refl.ReflectiveAccessorOptimizer.getCollectionProperty(ReflectiveAccessorOptimizer.java:876)
	at org.mule.mvel2.optimizers.impl.refl.ReflectiveAccessorOptimizer.compileGetChain(ReflectiveAccessorOptimizer.java:418)
	at org.mule.mvel2.optimizers.impl.refl.ReflectiveAccessorOptimizer.optimizeAccessor(ReflectiveAccessorOptimizer.java:212)
	at org.mule.mvel2.ast.ASTNode.optimize(ASTNode.java:159)
	at org.mule.mvel2.ast.ASTNode.getReducedValueAccelerated(ASTNode.java:115)
	at org.mule.mvel2.MVELRuntime.execute(MVELRuntime.java:86)
	at org.mule.mvel2.compiler.CompiledExpression.getDirectValue(CompiledExpression.java:123)
	at org.mule.mvel2.compiler.CompiledExpression.getValue(CompiledExpression.java:119)
	at org.mule.mvel2.compiler.CompiledExpression.getValue(CompiledExpression.java:113)
	at org.mule.mvel2.MVEL.executeExpression(MVEL.java:943)
	at org.mule.el.mvel.MVELExpressionExecutor.execute(MVELExpressionExecutor.java:72)
	at org.mule.el.mvel.MVELExpressionLanguage.evaluateInternal(MVELExpressionLanguage.java:228)
	at org.mule.el.mvel.MVELExpressionLanguage.evaluate(MVELExpressionLanguage.java:163)
	at org.mule.el.mvel.MVELExpressionLanguage.evaluate(MVELExpressionLanguage.java:142)
	at org.mule.expression.DefaultExpressionManager.evaluate(DefaultExpressionManager.java:216)
	at org.mule.expression.DefaultExpressionManager.evaluate(DefaultExpressionManager.java:187)
	at org.mule.module.db.internal.resolver.param.DynamicParamValueResolver.resolveParams(DynamicParamValueResolver.java:42)
	at org.mule.module.db.internal.resolver.query.ParametrizedQueryResolver.resolve(ParametrizedQueryResolver.java:50)
	at org.mule.module.db.internal.processor.AbstractSingleQueryDbMessageProcessor.executeQuery(AbstractSingleQueryDbMessageProcessor.java:38)
	at org.mule.module.db.internal.processor.AbstractDbMessageProcessor.process(AbstractDbMessageProcessor.java:66)
	at org.mule.execution.ExceptionToMessagingExceptionExecutionInterceptor.execute(ExceptionToMessagingExceptionExecutionInterceptor.java:24)
	at org.mule.execution.MessageProcessorNotificationExecutionInterceptor.execute(MessageProcessorNotificationExecutionInterceptor.java:107)
	at org.mule.execution.MessageProcessorExecutionTemplate.execute(MessageProcessorExecutionTemplate.java:44)
	at org.mule.processor.BlockingProcessorExecutor.executeNext(BlockingProcessorExecutor.java:85)
	at org.mule.processor.BlockingProcessorExecutor.execute(BlockingProcessorExecutor.java:56)
	at org.mule.execution.ExceptionToMessagingExceptionExecutionInterceptor.execute(ExceptionToMessagingExceptionExecutionInterceptor.java:24)
	at org.mule.execution.MessageProcessorExecutionTemplate.execute(MessageProcessorExecutionTemplate.java:44)
	at org.mule.processor.BlockingProcessorExecutor.executeNext(BlockingProcessorExecutor.java:94)
	at org.mule.processor.BlockingProcessorExecutor.execute(BlockingProcessorExecutor.java:56)
	at org.mule.routing.outbound.AbstractMessageSequenceSplitter.processParts(AbstractMessageSequenceSplitter.java:129)
	at org.mule.routing.outbound.AbstractMessageSequenceSplitter.process(AbstractMessageSequenceSplitter.java:59)
	at org.mule.execution.ExceptionToMessagingExceptionExecutionInterceptor.execute(ExceptionToMessagingExceptionExecutionInterceptor.java:24)
	at org.mule.execution.MessageProcessorNotificationExecutionInterceptor.execute(MessageProcessorNotificationExecutionInterceptor.java:107)
	at org.mule.execution.MessageProcessorExecutionTemplate.execute(MessageProcessorExecutionTemplate.java:44)
	at org.mule.processor.BlockingProcessorExecutor.executeNext(BlockingProcessorExecutor.java:85)
	at org.mule.processor.BlockingProcessorExecutor.execute(BlockingProcessorExecutor.java:56)
	at org.mule.execution.ExceptionToMessagingExceptionExecutionInterceptor.execute(ExceptionToMessagingExceptionExecutionInterceptor.java:24)
	at org.mule.execution.MessageProcessorExecutionTemplate.execute(MessageProcessorExecutionTemplate.java:44)
	at org.mule.processor.BlockingProcessorExecutor.executeNext(BlockingProcessorExecutor.java:94)
	at org.mule.processor.BlockingProcessorExecutor.execute(BlockingProcessorExecutor.java:56)
	at org.mule.interceptor.AbstractEnvelopeInterceptor.processBlocking(AbstractEnvelopeInterceptor.java:58)
	at org.mule.processor.AbstractRequestResponseMessageProcessor.process(AbstractRequestResponseMessageProcessor.java:47)
	at org.mule.processor.AsyncInterceptingMessageProcessor.processNextTimed(AsyncInterceptingMessageProcessor.java:123)
	at org.mule.processor.AsyncInterceptingMessageProcessor$AsyncMessageProcessorWorker$1.process(AsyncInterceptingMessageProcessor.java:208)
	at org.mule.processor.AsyncInterceptingMessageProcessor$AsyncMessageProcessorWorker$1.process(AsyncInterceptingMessageProcessor.java:201)
	at org.mule.execution.ExecuteCallbackInterceptor.execute(ExecuteCallbackInterceptor.java:16)
	at org.mule.execution.CommitTr...
********************************************************************************

2015-11-13 12:48:47,570 [[portafolio1c].portafolio1cFlow.stage1.04] ERROR org.mule.exception.DefaultMessagingExceptionStrategy - 
********************************************************************************
Message               : Execution of the expression "message.payload[2]" failed. (org.mule.api.expression.ExpressionRuntimeException). Message payload is of type: String[]
Type                  : org.mule.api.MessagingException
Code                  : MULE_ERROR--2
JavaDoc               : http://www.mulesoft.org/docs/site/current3/apidocs/org/mule/api/MessagingException.html
Payload               : [Ljava.lang.String;@6f8da6ec
********************************************************************************
Exception stack is:
1. null (java.lang.ArrayIndexOutOfBoundsException)
  java.lang.reflect.Array:-2 (null)
2. [Error: message.payload[2]: array index out of bounds.]
[Near : {... message.payload[2] ....}]
             ^
[Line: 1, Column: 1] (org.mule.mvel2.PropertyAccessException)
  org.mule.mvel2.optimizers.impl.refl.ReflectiveAccessorOptimizer:499 (http://www.mulesoft.org/docs/site/current3/apidocs/org/mule/mvel2/PropertyAccessException.html)
3. Execution of the expression "message.payload[2]" failed. (org.mule.api.expression.ExpressionRuntimeException)
  org.mule.el.mvel.MVELExpressionLanguage:232 (http://www.mulesoft.org/docs/site/current3/apidocs/org/mule/api/expression/ExpressionRuntimeException.html)
4. Execution of the expression "message.payload[2]" failed. (org.mule.api.expression.ExpressionRuntimeException). Message payload is of type: String[] (org.mule.api.MessagingException)
  org.mule.execution.ExceptionToMessagingExceptionExecutionInterceptor:32 (http://www.mulesoft.org/docs/site/current3/apidocs/org/mule/api/MessagingException.html)
********************************************************************************
Root Exception stack trace:
java.lang.ArrayIndexOutOfBoundsException
	at java.lang.reflect.Array.get(Native Method)
	at org.mule.mvel2.optimizers.impl.refl.ReflectiveAccessorOptimizer.getCollectionProperty(ReflectiveAccessorOptimizer.java:876)
	at org.mule.mvel2.optimizers.impl.refl.ReflectiveAccessorOptimizer.compileGetChain(ReflectiveAccessorOptimizer.java:418)
	at org.mule.mvel2.optimizers.impl.refl.ReflectiveAccessorOptimizer.optimizeAccessor(ReflectiveAccessorOptimizer.java:212)
	at org.mule.mvel2.ast.ASTNode.optimize(ASTNode.java:159)
	at org.mule.mvel2.ast.ASTNode.getReducedValueAccelerated(ASTNode.java:115)
	at org.mule.mvel2.MVELRuntime.execute(MVELRuntime.java:86)
	at org.mule.mvel2.compiler.CompiledExpression.getDirectValue(CompiledExpression.java:123)
	at org.mule.mvel2.compiler.CompiledExpression.getValue(CompiledExpression.java:119)
	at org.mule.mvel2.compiler.CompiledExpression.getValue(CompiledExpression.java:113)
	at org.mule.mvel2.MVEL.executeExpression(MVEL.java:943)
	at org.mule.el.mvel.MVELExpressionExecutor.execute(MVELExpressionExecutor.java:72)
	at org.mule.el.mvel.MVELExpressionLanguage.evaluateInternal(MVELExpressionLanguage.java:228)
	at org.mule.el.mvel.MVELExpressionLanguage.evaluate(MVELExpressionLanguage.java:163)
	at org.mule.el.mvel.MVELExpressionLanguage.evaluate(MVELExpressionLanguage.java:142)
	at org.mule.expression.DefaultExpressionManager.evaluate(DefaultExpressionManager.java:216)
	at org.mule.expression.DefaultExpressionManager.evaluate(DefaultExpressionManager.java:187)
	at org.mule.module.db.internal.resolver.param.DynamicParamValueResolver.resolveParams(DynamicParamValueResolver.java:42)
	at org.mule.module.db.internal.resolver.query.ParametrizedQueryResolver.resolve(ParametrizedQueryResolver.java:50)
	at org.mule.module.db.internal.processor.AbstractSingleQueryDbMessageProcessor.executeQuery(AbstractSingleQueryDbMessageProcessor.java:38)
	at org.mule.module.db.internal.processor.AbstractDbMessageProcessor.process(AbstractDbMessageProcessor.java:66)
	at org.mule.execution.ExceptionToMessagingExceptionExecutionInterceptor.execute(ExceptionToMessagingExceptionExecutionInterceptor.java:24)
	at org.mule.execution.MessageProcessorNotificationExecutionInterceptor.execute(MessageProcessorNotificationExecutionInterceptor.java:107)
	at org.mule.execution.MessageProcessorExecutionTemplate.execute(MessageProcessorExecutionTemplate.java:44)
	at org.mule.processor.BlockingProcessorExecutor.executeNext(BlockingProcessorExecutor.java:85)
	at org.mule.processor.BlockingProcessorExecutor.execute(BlockingProcessorExecutor.java:56)
	at org.mule.execution.ExceptionToMessagingExceptionExecutionInterceptor.execute(ExceptionToMessagingExceptionExecutionInterceptor.java:24)
	at org.mule.execution.MessageProcessorExecutionTemplate.execute(MessageProcessorExecutionTemplate.java:44)
	at org.mule.processor.BlockingProcessorExecutor.executeNext(BlockingProcessorExecutor.java:94)
	at org.mule.processor.BlockingProcessorExecutor.execute(BlockingProcessorExecutor.java:56)
	at org.mule.routing.outbound.AbstractMessageSequenceSplitter.processParts(AbstractMessageSequenceSplitter.java:129)
	at org.mule.routing.outbound.AbstractMessageSequenceSplitter.process(AbstractMessageSequenceSplitter.java:59)
	at org.mule.execution.ExceptionToMessagingExceptionExecutionInterceptor.execute(ExceptionToMessagingExceptionExecutionInterceptor.java:24)
	at org.mule.execution.MessageProcessorNotificationExecutionInterceptor.execute(MessageProcessorNotificationExecutionInterceptor.java:107)
	at org.mule.execution.MessageProcessorExecutionTemplate.execute(MessageProcessorExecutionTemplate.java:44)
	at org.mule.processor.BlockingProcessorExecutor.executeNext(BlockingProcessorExecutor.java:85)
	at org.mule.processor.BlockingProcessorExecutor.execute(BlockingProcessorExecutor.java:56)
	at org.mule.execution.ExceptionToMessagingExceptionExecutionInterceptor.execute(ExceptionToMessagingExceptionExecutionInterceptor.java:24)
	at org.mule.execution.MessageProcessorExecutionTemplate.execute(MessageProcessorExecutionTemplate.java:44)
	at org.mule.processor.BlockingProcessorExecutor.executeNext(BlockingProcessorExecutor.java:94)
	at org.mule.processor.BlockingProcessorExecutor.execute(BlockingProcessorExecutor.java:56)
	at org.mule.interceptor.AbstractEnvelopeInterceptor.processBlocking(AbstractEnvelopeInterceptor.java:58)
	at org.mule.processor.AbstractRequestResponseMessageProcessor.process(AbstractRequestResponseMessageProcessor.java:47)
	at org.mule.processor.AsyncInterceptingMessageProcessor.processNextTimed(AsyncInterceptingMessageProcessor.java:123)
	at org.mule.processor.AsyncInterceptingMessageProcessor$AsyncMessageProcessorWorker$1.process(AsyncInterceptingMessageProcessor.java:208)
	at org.mule.processor.AsyncInterceptingMessageProcessor$AsyncMessageProcessorWorker$1.process(AsyncInterceptingMessageProcessor.java:201)
	at org.mule.execution.ExecuteCallbackInterceptor.execute(ExecuteCallbackInterceptor.java:16)
	at org.mule.execution.CommitTr...
********************************************************************************

2015-11-13 12:48:48,809 [[portafolio1c].portafolio1cFlow.stage1.03] ERROR org.mule.exception.DefaultMessagingExceptionStrategy - 
********************************************************************************
Message               : Execution of the expression "message.payload[1]" failed. (org.mule.api.expression.ExpressionRuntimeException). Message payload is of type: String[]
Type                  : org.mule.api.MessagingException
Code                  : MULE_ERROR--2
JavaDoc               : http://www.mulesoft.org/docs/site/current3/apidocs/org/mule/api/MessagingException.html
Payload               : [Ljava.lang.String;@2dcd96d9
********************************************************************************
Exception stack is:
1. 1 (java.lang.ArrayIndexOutOfBoundsException)
  org.mule.mvel2.optimizers.impl.refl.nodes.ArrayAccessor:52 (null)
2. cannot invoke getter: getPayload [declr.class: org.mule.el.context.MessageContext; act.class: org.mule.el.context.MessageContext] (see trace) (java.lang.RuntimeException)
  org.mule.mvel2.optimizers.impl.refl.nodes.GetterAccessor:74 (null)
3. Execution of the expression "message.payload[1]" failed. (org.mule.api.expression.ExpressionRuntimeException)
  org.mule.el.mvel.MVELExpressionLanguage:232 (http://www.mulesoft.org/docs/site/current3/apidocs/org/mule/api/expression/ExpressionRuntimeException.html)
4. Execution of the expression "message.payload[1]" failed. (org.mule.api.expression.ExpressionRuntimeException). Message payload is of type: String[] (org.mule.api.MessagingException)
  org.mule.execution.ExceptionToMessagingExceptionExecutionInterceptor:32 (http://www.mulesoft.org/docs/site/current3/apidocs/org/mule/api/MessagingException.html)
********************************************************************************
Root Exception stack trace:
java.lang.ArrayIndexOutOfBoundsException: 1
	at org.mule.mvel2.optimizers.impl.refl.nodes.ArrayAccessor.optimizedArrayGet(ArrayAccessor.java:52)
	at org.mule.mvel2.optimizers.impl.refl.nodes.ArrayAccessor.getValue(ArrayAccessor.java:45)
	at org.mule.mvel2.optimizers.impl.refl.nodes.GetterAccessor.getValue(GetterAccessor.java:40)
	at org.mule.mvel2.optimizers.impl.refl.nodes.VariableAccessor.getValue(VariableAccessor.java:37)
	at org.mule.mvel2.ast.ASTNode.getReducedValueAccelerated(ASTNode.java:108)
	at org.mule.mvel2.MVELRuntime.execute(MVELRuntime.java:86)
	at org.mule.mvel2.compiler.CompiledExpression.getDirectValue(CompiledExpression.java:123)
	at org.mule.mvel2.compiler.CompiledExpression.getValue(CompiledExpression.java:119)
	at org.mule.mvel2.MVEL.executeExpression(MVEL.java:943)
	at org.mule.el.mvel.MVELExpressionExecutor.execute(MVELExpressionExecutor.java:72)
	at org.mule.el.mvel.MVELExpressionLanguage.evaluateInternal(MVELExpressionLanguage.java:228)
	at org.mule.el.mvel.MVELExpressionLanguage.evaluate(MVELExpressionLanguage.java:163)
	at org.mule.el.mvel.MVELExpressionLanguage.evaluate(MVELExpressionLanguage.java:142)
	at org.mule.expression.DefaultExpressionManager.evaluate(DefaultExpressionManager.java:216)
	at org.mule.expression.DefaultExpressionManager.evaluate(DefaultExpressionManager.java:187)
	at org.mule.module.db.internal.resolver.param.DynamicParamValueResolver.resolveParams(DynamicParamValueResolver.java:42)
	at org.mule.module.db.internal.resolver.query.ParametrizedQueryResolver.resolve(ParametrizedQueryResolver.java:50)
	at org.mule.module.db.internal.processor.AbstractSingleQueryDbMessageProcessor.executeQuery(AbstractSingleQueryDbMessageProcessor.java:38)
	at org.mule.module.db.internal.processor.AbstractDbMessageProcessor.process(AbstractDbMessageProcessor.java:66)
	at org.mule.execution.ExceptionToMessagingExceptionExecutionInterceptor.execute(ExceptionToMessagingExceptionExecutionInterceptor.java:24)
	at org.mule.execution.MessageProcessorNotificationExecutionInterceptor.execute(MessageProcessorNotificationExecutionInterceptor.java:107)
	at org.mule.execution.MessageProcessorExecutionTemplate.execute(MessageProcessorExecutionTemplate.java:44)
	at org.mule.processor.BlockingProcessorExecutor.executeNext(BlockingProcessorExecutor.java:85)
	at org.mule.processor.BlockingProcessorExecutor.execute(BlockingProcessorExecutor.java:56)
	at org.mule.execution.ExceptionToMessagingExceptionExecutionInterceptor.execute(ExceptionToMessagingExceptionExecutionInterceptor.java:24)
	at org.mule.execution.MessageProcessorExecutionTemplate.execute(MessageProcessorExecutionTemplate.java:44)
	at org.mule.processor.BlockingProcessorExecutor.executeNext(BlockingProcessorExecutor.java:94)
	at org.mule.processor.BlockingProcessorExecutor.execute(BlockingProcessorExecutor.java:56)
	at org.mule.routing.outbound.AbstractMessageSequenceSplitter.processParts(AbstractMessageSequenceSplitter.java:129)
	at org.mule.routing.outbound.AbstractMessageSequenceSplitter.process(AbstractMessageSequenceSplitter.java:59)
	at org.mule.execution.ExceptionToMessagingExceptionExecutionInterceptor.execute(ExceptionToMessagingExceptionExecutionInterceptor.java:24)
	at org.mule.execution.MessageProcessorNotificationExecutionInterceptor.execute(MessageProcessorNotificationExecutionInterceptor.java:107)
	at org.mule.execution.MessageProcessorExecutionTemplate.execute(MessageProcessorExecutionTemplate.java:44)
	at org.mule.processor.BlockingProcessorExecutor.executeNext(BlockingProcessorExecutor.java:85)
	at org.mule.processor.BlockingProcessorExecutor.execute(BlockingProcessorExecutor.java:56)
	at org.mule.execution.ExceptionToMessagingExceptionExecutionInterceptor.execute(ExceptionToMessagingExceptionExecutionInterceptor.java:24)
	at org.mule.execution.MessageProcessorExecutionTemplate.execute(MessageProcessorExecutionTemplate.java:44)
	at org.mule.processor.BlockingProcessorExecutor.executeNext(BlockingProcessorExecutor.java:94)
	at org.mule.processor.BlockingProcessorExecutor.execute(BlockingProcessorExecutor.java:56)
	at org.mule.interceptor.AbstractEnvelopeInterceptor.processBlocking(AbstractEnvelopeInterceptor.java:58)
	at org.mule.processor.AbstractRequestResponseMessageProcessor.process(AbstractRequestResponseMessageProcessor.java:47)
	at org.mule.processor.AsyncInterceptingMessageProcessor.processNextTimed(AsyncInterceptingMessageProcessor.java:123)
	at org.mule.processor.AsyncInterceptingMessageProcessor$AsyncMessageProcessorWorker$1.process(AsyncInterceptingMessageProcessor.java:208)
	at org.mule.processor.AsyncInterceptingMessageProcessor$AsyncMessageProcessorWorker$1.process(AsyncInterceptingMessageProcessor.java:201)
	at org.mule.execution.ExecuteCallbackInterceptor.execute(ExecuteCallbackInterceptor.java:16)
	at org.mule.execution.CommitTransactionInterceptor.execute(CommitTransactionInterceptor.java:35)
	at org.mule.execution.CommitTransactionInterceptor.execute(CommitTransactionInterceptor.java:22)
	at org.mu...
********************************************************************************

2015-11-13 12:49:16,200 [main] INFO  org.mule.module.launcher.application.DefaultMuleApplication - 
++++++++++++++++++++++++++++++++++++++++++++++++++++++++++++
+ Initializing app 'portafolio1c'                          +
++++++++++++++++++++++++++++++++++++++++++++++++++++++++++++
2015-11-13 12:49:16,388 [main] INFO  org.mule.lifecycle.AbstractLifecycleManager - Initialising RegistryBroker
2015-11-13 12:49:16,514 [main] INFO  org.mule.module.extension.internal.manager.DefaultExtensionManager - Starting discovery of extensions
2015-11-13 12:49:16,688 [main] INFO  org.mule.module.extension.internal.manager.DefaultExtensionManager - Discovered 1 extensions
2015-11-13 12:49:16,689 [main] INFO  org.mule.module.extension.internal.manager.DefaultExtensionManager - Registering extension validation (version 3.7)
2015-11-13 12:49:16,748 [main] INFO  org.mule.config.spring.MuleArtifactContext - Refreshing org.mule.config.spring.MuleArtifactContext@674bd420: startup date [Fri Nov 13 12:49:16 CET 2015]; root of context hierarchy
2015-11-13 12:49:18,307 [main] INFO  org.mule.config.spring.processors.NoDevkitInjectorProcessor - JSR-330 'javax.inject.Inject' annotation found and supported for autowiring
2015-11-13 12:49:18,696 [main] WARN  org.mule.expression.DefaultExpressionManager - Expression string is not an expression.  Use isExpression(String) to validate first
2015-11-13 12:49:18,696 [main] WARN  org.mule.expression.DefaultExpressionManager - Expression string is not an expression.  Use isExpression(String) to validate first
2015-11-13 12:49:18,696 [main] WARN  org.mule.expression.DefaultExpressionManager - Expression string is not an expression.  Use isExpression(String) to validate first
2015-11-13 12:49:18,697 [main] WARN  org.mule.expression.DefaultExpressionManager - Expression string is not an expression.  Use isExpression(String) to validate first
2015-11-13 12:49:19,217 [main] WARN  org.springframework.beans.GenericTypeAwarePropertyDescriptor - Invalid JavaBean property 'port' being accessed! Ambiguous write methods found next to actually used [public void org.mule.endpoint.URIBuilder.setPort(java.lang.String)]: [public void org.mule.endpoint.URIBuilder.setPort(int)]
2015-11-13 12:49:19,725 [main] WARN  org.mule.module.ognl.expression.OgnlExpressionEvaluator - OGNL module is deprecated and will be removed in Mule 4.0. Use MEL expressions instead.
2015-11-13 12:49:20,111 [main] INFO  org.mule.lifecycle.AbstractLifecycleManager - Initialising connector: POP3
2015-11-13 12:49:20,261 [main] WARN  org.mule.api.security.tls.TlsProperties - File tls-default.conf not found, using default configuration.
2015-11-13 12:49:20,515 [main] INFO  org.mule.lifecycle.AbstractLifecycleManager - Initialising model: _muleSystemModel
2015-11-13 12:49:20,523 [main] INFO  org.mule.construct.FlowConstructLifecycleManager - Initialising flow: portafolio1cFlow
2015-11-13 12:49:20,524 [main] INFO  org.mule.exception.DefaultMessagingExceptionStrategy - Initialising exception listener: org.mule.exception.DefaultMessagingExceptionStrategy@3d904e9c
2015-11-13 12:49:20,564 [main] INFO  org.mule.processor.SedaStageLifecycleManager - Initialising service: portafolio1cFlow.stage1
2015-11-13 12:49:20,620 [main] INFO  org.mule.util.journal.TransactionJournal - Using files for tx logs /Users/alejandro/AnypointStudio/workspace/.mule/./.mule/portafolio1c/queue-tx-log/tx1.log and /Users/alejandro/AnypointStudio/workspace/.mule/./.mule/portafolio1c/queue-tx-log/tx2.log
2015-11-13 12:49:20,649 [main] INFO  org.mule.util.journal.TransactionJournal - Using files for tx logs /Users/alejandro/AnypointStudio/workspace/.mule/./.mule/portafolio1c/queue-xa-tx-log/tx1.log and /Users/alejandro/AnypointStudio/workspace/.mule/./.mule/portafolio1c/queue-xa-tx-log/tx2.log
2015-11-13 12:49:21,203 [main] INFO  org.mule.config.spring.SpringXmlConfigurationBuilder - Configured Mule using "org.mule.config.spring.SpringXmlConfigurationBuilder" with configuration resource(s): "[ConfigResource{resourceName='/Users/alejandro/AnypointStudio/workspace/.mule/apps/portafolio1c/portafolio1c.xml'}]"
2015-11-13 12:49:21,205 [main] INFO  org.mule.config.builders.AutoConfigurationBuilder - Configured Mule using "org.mule.config.builders.AutoConfigurationBuilder" with configuration resource(s): "[ConfigResource{resourceName='/Users/alejandro/AnypointStudio/workspace/.mule/apps/portafolio1c/portafolio1c.xml'}]"
2015-11-13 12:49:21,206 [main] INFO  org.mule.module.launcher.application.DefaultMuleApplication - 
++++++++++++++++++++++++++++++++++++++++++++++++++++++++++++
+ Starting app 'portafolio1c'                              +
++++++++++++++++++++++++++++++++++++++++++++++++++++++++++++
2015-11-13 12:49:21,210 [main] INFO  org.mule.util.queue.QueueXaResourceManager - Starting ResourceManager
2015-11-13 12:49:21,210 [main] INFO  org.mule.util.queue.QueueXaResourceManager - Started ResourceManager
2015-11-13 12:49:21,233 [main] INFO  org.mule.transport.email.Pop3sConnector - Connected: Pop3sConnector
{
  name=POP3
  lifecycle=initialise
  this=665522c2
  numberOfConcurrentTransactedReceivers=4
  createMultipleTransactedReceivers=true
  connected=true
  supportedProtocols=[pop3s]
  serviceOverrides=<none>
}

2015-11-13 12:49:21,233 [main] INFO  org.mule.transport.email.Pop3sConnector - Starting: Pop3sConnector
{
  name=POP3
  lifecycle=initialise
  this=665522c2
  numberOfConcurrentTransactedReceivers=4
  createMultipleTransactedReceivers=true
  connected=true
  supportedProtocols=[pop3s]
  serviceOverrides=<none>
}

2015-11-13 12:49:21,235 [main] INFO  org.mule.lifecycle.AbstractLifecycleManager - Starting connector: POP3
2015-11-13 12:49:21,244 [main] INFO  org.mule.modules.oauth2.provider.agents.DefaultSplashScreenAgent - 
++++++++++++++++++++++++++++++++++++++++++++++++++++++++++++++++++++++++++++++++
+ DevKit Extensions (0) used in this application 
                             +
++++++++++++++++++++++++++++++++++++++++++++++++++++++++++++++++++++++++++++++++
2015-11-13 12:49:21,247 [main] INFO  org.mule.lifecycle.AbstractLifecycleManager - Starting model: _muleSystemModel
2015-11-13 12:49:21,251 [main] INFO  org.mule.construct.FlowConstructLifecycleManager - Starting flow: portafolio1cFlow
2015-11-13 12:49:21,252 [main] INFO  org.mule.processor.SedaStageLifecycleManager - Starting service: portafolio1cFlow.stage1
2015-11-13 12:49:21,264 [main] INFO  org.mule.transport.email.Pop3sConnector - Registering listener: portafolio1cFlow on endpointUri: pop3s://iap1516etsinf:****@pop.gmail.com:995
2015-11-13 12:49:21,292 [main] INFO  org.mule.transport.service.DefaultTransportServiceDescriptor - Loading default inbound transformer: org.mule.transport.email.transformers.EmailMessageToString
2015-11-13 12:49:21,298 [main] INFO  org.mule.lifecycle.AbstractLifecycleManager - Initialising: 'null'. Object is: RetrieveMessageReceiver
2015-11-13 12:49:21,302 [main] INFO  org.mule.transport.email.RetrieveMessageReceiver - Connecting clusterizable message receiver
2015-11-13 12:49:21,307 [main] INFO  org.mule.api.security.tls.TlsPropertiesMapper - Defaulting mule.email.pop3s trust store to client Key Store
2015-11-13 12:49:21,372 [main] WARN  org.mule.api.security.tls.TlsProperties - File tls-default.conf not found, using default configuration.
2015-11-13 12:49:23,076 [main] INFO  org.mule.lifecycle.AbstractLifecycleManager - Starting: 'null'. Object is: RetrieveMessageReceiver
2015-11-13 12:49:23,077 [main] INFO  org.mule.transport.email.RetrieveMessageReceiver - Starting clusterizable message receiver
2015-11-13 12:49:23,135 [main] INFO  org.mule.module.management.agent.WrapperManagerAgent - This JVM hasn't been launched by the wrapper, the agent will not run.
2015-11-13 12:49:23,167 [main] INFO  org.mule.module.management.agent.AbstractJmxAgent - Attempting to register service with name: Mule.portafolio1c:type=Endpoint,service="portafolio1cFlow",connector=POP3,name="endpoint.pop3s.iap1516etsinf.gmail.com.995"
2015-11-13 12:49:23,168 [main] INFO  org.mule.module.management.agent.AbstractJmxAgent - Registered Endpoint Service with name: Mule.portafolio1c:type=Endpoint,service="portafolio1cFlow",connector=POP3,name="endpoint.pop3s.iap1516etsinf.gmail.com.995"
2015-11-13 12:49:23,169 [main] INFO  org.mule.module.management.agent.AbstractJmxAgent - Registered Connector Service with name Mule.portafolio1c:type=Connector,name="POP3.1"
2015-11-13 12:49:23,176 [main] INFO  org.mule.DefaultMuleContext - 
**********************************************************************
* Application: portafolio1c                                          *
* OS encoding: /, Mule encoding: UTF-8                               *
*                                                                    *
* Agents Running:                                                    *
*   DevKit Extension Information                                     *
*   JMX Agent                                                        *
*   Batch module default engine                                      *
*   Wrapper Manager                                                  *
**********************************************************************
2015-11-13 12:50:24,085 [[portafolio1c].POP3.receiver.01] WARN  org.mule.api.security.tls.TlsProperties - File tls-default.conf not found, using default configuration.
2015-11-13 12:51:24,088 [[portafolio1c].POP3.receiver.01] WARN  org.mule.api.security.tls.TlsProperties - File tls-default.conf not found, using default configuration.
2015-11-13 12:52:24,088 [[portafolio1c].POP3.receiver.01] WARN  org.mule.api.security.tls.TlsProperties - File tls-default.conf not found, using default configuration.
2015-11-13 13:23:34,379 [main] INFO  org.mule.module.launcher.application.DefaultMuleApplication - 
++++++++++++++++++++++++++++++++++++++++++++++++++++++++++++
+ Initializing app 'portafolio1c'                          +
++++++++++++++++++++++++++++++++++++++++++++++++++++++++++++
2015-11-13 13:23:34,552 [main] INFO  org.mule.lifecycle.AbstractLifecycleManager - Initialising RegistryBroker
2015-11-13 13:23:34,702 [main] INFO  org.mule.module.extension.internal.manager.DefaultExtensionManager - Starting discovery of extensions
2015-11-13 13:23:34,873 [main] INFO  org.mule.module.extension.internal.manager.DefaultExtensionManager - Discovered 1 extensions
2015-11-13 13:23:34,874 [main] INFO  org.mule.module.extension.internal.manager.DefaultExtensionManager - Registering extension validation (version 3.7)
2015-11-13 13:23:34,927 [main] INFO  org.mule.config.spring.MuleArtifactContext - Refreshing org.mule.config.spring.MuleArtifactContext@2ceb80a1: startup date [Fri Nov 13 13:23:34 CET 2015]; root of context hierarchy
2015-11-13 13:23:36,393 [main] INFO  org.mule.config.spring.processors.NoDevkitInjectorProcessor - JSR-330 'javax.inject.Inject' annotation found and supported for autowiring
2015-11-13 13:23:36,781 [main] WARN  org.mule.expression.DefaultExpressionManager - Expression string is not an expression.  Use isExpression(String) to validate first
2015-11-13 13:23:36,782 [main] WARN  org.mule.expression.DefaultExpressionManager - Expression string is not an expression.  Use isExpression(String) to validate first
2015-11-13 13:23:36,782 [main] WARN  org.mule.expression.DefaultExpressionManager - Expression string is not an expression.  Use isExpression(String) to validate first
2015-11-13 13:23:36,790 [main] WARN  org.mule.expression.DefaultExpressionManager - Expression string is not an expression.  Use isExpression(String) to validate first
2015-11-13 13:23:37,299 [main] WARN  org.springframework.beans.GenericTypeAwarePropertyDescriptor - Invalid JavaBean property 'port' being accessed! Ambiguous write methods found next to actually used [public void org.mule.endpoint.URIBuilder.setPort(java.lang.String)]: [public void org.mule.endpoint.URIBuilder.setPort(int)]
2015-11-13 13:23:37,788 [main] WARN  org.mule.module.ognl.expression.OgnlExpressionEvaluator - OGNL module is deprecated and will be removed in Mule 4.0. Use MEL expressions instead.
2015-11-13 13:23:38,088 [main] INFO  org.mule.lifecycle.AbstractLifecycleManager - Initialising connector: POP3
2015-11-13 13:23:38,159 [main] WARN  org.mule.api.security.tls.TlsProperties - File tls-default.conf not found, using default configuration.
2015-11-13 13:23:38,311 [main] INFO  org.mule.lifecycle.AbstractLifecycleManager - Initialising model: _muleSystemModel
2015-11-13 13:23:38,318 [main] INFO  org.mule.construct.FlowConstructLifecycleManager - Initialising flow: portafolio1cFlow
2015-11-13 13:23:38,319 [main] INFO  org.mule.exception.DefaultMessagingExceptionStrategy - Initialising exception listener: org.mule.exception.DefaultMessagingExceptionStrategy@76563d26
2015-11-13 13:23:38,356 [main] INFO  org.mule.processor.SedaStageLifecycleManager - Initialising service: portafolio1cFlow.stage1
2015-11-13 13:23:38,411 [main] INFO  org.mule.util.journal.TransactionJournal - Using files for tx logs /Users/alejandro/AnypointStudio/workspace/.mule/./.mule/portafolio1c/queue-tx-log/tx1.log and /Users/alejandro/AnypointStudio/workspace/.mule/./.mule/portafolio1c/queue-tx-log/tx2.log
2015-11-13 13:23:38,431 [main] INFO  org.mule.util.journal.TransactionJournal - Using files for tx logs /Users/alejandro/AnypointStudio/workspace/.mule/./.mule/portafolio1c/queue-xa-tx-log/tx1.log and /Users/alejandro/AnypointStudio/workspace/.mule/./.mule/portafolio1c/queue-xa-tx-log/tx2.log
2015-11-13 13:23:38,900 [main] INFO  org.mule.config.spring.SpringXmlConfigurationBuilder - Configured Mule using "org.mule.config.spring.SpringXmlConfigurationBuilder" with configuration resource(s): "[ConfigResource{resourceName='/Users/alejandro/AnypointStudio/workspace/.mule/apps/portafolio1c/portafolio1c.xml'}]"
2015-11-13 13:23:38,900 [main] INFO  org.mule.config.builders.AutoConfigurationBuilder - Configured Mule using "org.mule.config.builders.AutoConfigurationBuilder" with configuration resource(s): "[ConfigResource{resourceName='/Users/alejandro/AnypointStudio/workspace/.mule/apps/portafolio1c/portafolio1c.xml'}]"
2015-11-13 13:23:38,902 [main] INFO  org.mule.module.launcher.application.DefaultMuleApplication - 
++++++++++++++++++++++++++++++++++++++++++++++++++++++++++++
+ Starting app 'portafolio1c'                              +
++++++++++++++++++++++++++++++++++++++++++++++++++++++++++++
2015-11-13 13:23:38,905 [main] INFO  org.mule.util.queue.QueueXaResourceManager - Starting ResourceManager
2015-11-13 13:23:38,905 [main] INFO  org.mule.util.queue.QueueXaResourceManager - Started ResourceManager
2015-11-13 13:23:38,927 [main] INFO  org.mule.transport.email.Pop3sConnector - Connected: Pop3sConnector
{
  name=POP3
  lifecycle=initialise
  this=38792286
  numberOfConcurrentTransactedReceivers=4
  createMultipleTransactedReceivers=true
  connected=true
  supportedProtocols=[pop3s]
  serviceOverrides=<none>
}

2015-11-13 13:23:38,927 [main] INFO  org.mule.transport.email.Pop3sConnector - Starting: Pop3sConnector
{
  name=POP3
  lifecycle=initialise
  this=38792286
  numberOfConcurrentTransactedReceivers=4
  createMultipleTransactedReceivers=true
  connected=true
  supportedProtocols=[pop3s]
  serviceOverrides=<none>
}

2015-11-13 13:23:38,928 [main] INFO  org.mule.lifecycle.AbstractLifecycleManager - Starting connector: POP3
2015-11-13 13:23:38,934 [main] INFO  org.mule.modules.oauth2.provider.agents.DefaultSplashScreenAgent - 
++++++++++++++++++++++++++++++++++++++++++++++++++++++++++++++++++++++++++++++++
+ DevKit Extensions (0) used in this application 
                             +
++++++++++++++++++++++++++++++++++++++++++++++++++++++++++++++++++++++++++++++++
2015-11-13 13:23:38,936 [main] INFO  org.mule.lifecycle.AbstractLifecycleManager - Starting model: _muleSystemModel
2015-11-13 13:23:38,939 [main] INFO  org.mule.construct.FlowConstructLifecycleManager - Starting flow: portafolio1cFlow
2015-11-13 13:23:38,940 [main] INFO  org.mule.processor.SedaStageLifecycleManager - Starting service: portafolio1cFlow.stage1
2015-11-13 13:23:38,949 [main] INFO  org.mule.transport.email.Pop3sConnector - Registering listener: portafolio1cFlow on endpointUri: pop3s://iap1516etsinf:****@pop.gmail.com:995
2015-11-13 13:23:38,975 [main] INFO  org.mule.transport.service.DefaultTransportServiceDescriptor - Loading default inbound transformer: org.mule.transport.email.transformers.EmailMessageToString
2015-11-13 13:23:38,981 [main] INFO  org.mule.lifecycle.AbstractLifecycleManager - Initialising: 'null'. Object is: RetrieveMessageReceiver
2015-11-13 13:23:38,985 [main] INFO  org.mule.transport.email.RetrieveMessageReceiver - Connecting clusterizable message receiver
2015-11-13 13:23:38,988 [main] INFO  org.mule.api.security.tls.TlsPropertiesMapper - Defaulting mule.email.pop3s trust store to client Key Store
2015-11-13 13:23:39,037 [main] WARN  org.mule.api.security.tls.TlsProperties - File tls-default.conf not found, using default configuration.
2015-11-13 13:23:40,933 [main] INFO  org.mule.lifecycle.AbstractLifecycleManager - Starting: 'null'. Object is: RetrieveMessageReceiver
2015-11-13 13:23:40,933 [main] INFO  org.mule.transport.email.RetrieveMessageReceiver - Starting clusterizable message receiver
2015-11-13 13:23:40,979 [main] INFO  org.mule.module.management.agent.WrapperManagerAgent - This JVM hasn't been launched by the wrapper, the agent will not run.
2015-11-13 13:23:41,008 [main] INFO  org.mule.module.management.agent.AbstractJmxAgent - Attempting to register service with name: Mule.portafolio1c:type=Endpoint,service="portafolio1cFlow",connector=POP3,name="endpoint.pop3s.iap1516etsinf.gmail.com.995"
2015-11-13 13:23:41,009 [main] INFO  org.mule.module.management.agent.AbstractJmxAgent - Registered Endpoint Service with name: Mule.portafolio1c:type=Endpoint,service="portafolio1cFlow",connector=POP3,name="endpoint.pop3s.iap1516etsinf.gmail.com.995"
2015-11-13 13:23:41,011 [main] INFO  org.mule.module.management.agent.AbstractJmxAgent - Registered Connector Service with name Mule.portafolio1c:type=Connector,name="POP3.1"
2015-11-13 13:23:41,017 [main] INFO  org.mule.DefaultMuleContext - 
**********************************************************************
* Application: portafolio1c                                          *
* OS encoding: /, Mule encoding: UTF-8                               *
*                                                                    *
* Agents Running:                                                    *
*   DevKit Extension Information                                     *
*   JMX Agent                                                        *
*   Batch module default engine                                      *
*   Wrapper Manager                                                  *
**********************************************************************
2015-11-13 13:24:41,948 [[portafolio1c].POP3.receiver.01] WARN  org.mule.api.security.tls.TlsProperties - File tls-default.conf not found, using default configuration.
2015-11-13 13:25:41,950 [[portafolio1c].POP3.receiver.01] WARN  org.mule.api.security.tls.TlsProperties - File tls-default.conf not found, using default configuration.
2015-11-13 13:34:25,318 [main] INFO  org.mule.module.launcher.application.DefaultMuleApplication - 
++++++++++++++++++++++++++++++++++++++++++++++++++++++++++++
+ Initializing app 'portafolio1c'                          +
++++++++++++++++++++++++++++++++++++++++++++++++++++++++++++
2015-11-13 13:34:25,428 [main] INFO  org.mule.lifecycle.AbstractLifecycleManager - Initialising RegistryBroker
2015-11-13 13:34:25,594 [main] INFO  org.mule.module.extension.internal.manager.DefaultExtensionManager - Starting discovery of extensions
2015-11-13 13:34:25,766 [main] INFO  org.mule.module.extension.internal.manager.DefaultExtensionManager - Discovered 1 extensions
2015-11-13 13:34:25,767 [main] INFO  org.mule.module.extension.internal.manager.DefaultExtensionManager - Registering extension validation (version 3.7)
2015-11-13 13:34:25,820 [main] INFO  org.mule.config.spring.MuleArtifactContext - Refreshing org.mule.config.spring.MuleArtifactContext@2ceb80a1: startup date [Fri Nov 13 13:34:25 CET 2015]; root of context hierarchy
2015-11-13 13:34:27,285 [main] INFO  org.mule.config.spring.processors.NoDevkitInjectorProcessor - JSR-330 'javax.inject.Inject' annotation found and supported for autowiring
2015-11-13 13:34:27,676 [main] WARN  org.mule.expression.DefaultExpressionManager - Expression string is not an expression.  Use isExpression(String) to validate first
2015-11-13 13:34:27,677 [main] WARN  org.mule.expression.DefaultExpressionManager - Expression string is not an expression.  Use isExpression(String) to validate first
2015-11-13 13:34:27,677 [main] WARN  org.mule.expression.DefaultExpressionManager - Expression string is not an expression.  Use isExpression(String) to validate first
2015-11-13 13:34:27,677 [main] WARN  org.mule.expression.DefaultExpressionManager - Expression string is not an expression.  Use isExpression(String) to validate first
2015-11-13 13:34:28,189 [main] WARN  org.springframework.beans.GenericTypeAwarePropertyDescriptor - Invalid JavaBean property 'port' being accessed! Ambiguous write methods found next to actually used [public void org.mule.endpoint.URIBuilder.setPort(java.lang.String)]: [public void org.mule.endpoint.URIBuilder.setPort(int)]
2015-11-13 13:34:28,683 [main] WARN  org.mule.module.ognl.expression.OgnlExpressionEvaluator - OGNL module is deprecated and will be removed in Mule 4.0. Use MEL expressions instead.
2015-11-13 13:34:28,993 [main] INFO  org.mule.lifecycle.AbstractLifecycleManager - Initialising connector: POP3
2015-11-13 13:34:29,067 [main] WARN  org.mule.api.security.tls.TlsProperties - File tls-default.conf not found, using default configuration.
2015-11-13 13:34:29,237 [main] INFO  org.mule.lifecycle.AbstractLifecycleManager - Initialising model: _muleSystemModel
2015-11-13 13:34:29,246 [main] INFO  org.mule.construct.FlowConstructLifecycleManager - Initialising flow: portafolio1cFlow
2015-11-13 13:34:29,246 [main] INFO  org.mule.exception.DefaultMessagingExceptionStrategy - Initialising exception listener: org.mule.exception.DefaultMessagingExceptionStrategy@76563d26
2015-11-13 13:34:29,277 [main] INFO  org.mule.processor.SedaStageLifecycleManager - Initialising service: portafolio1cFlow.stage1
2015-11-13 13:34:29,326 [main] INFO  org.mule.util.journal.TransactionJournal - Using files for tx logs /Users/alejandro/AnypointStudio/workspace/.mule/./.mule/portafolio1c/queue-tx-log/tx1.log and /Users/alejandro/AnypointStudio/workspace/.mule/./.mule/portafolio1c/queue-tx-log/tx2.log
2015-11-13 13:34:29,347 [main] INFO  org.mule.util.journal.TransactionJournal - Using files for tx logs /Users/alejandro/AnypointStudio/workspace/.mule/./.mule/portafolio1c/queue-xa-tx-log/tx1.log and /Users/alejandro/AnypointStudio/workspace/.mule/./.mule/portafolio1c/queue-xa-tx-log/tx2.log
2015-11-13 13:34:29,794 [main] INFO  org.mule.config.spring.SpringXmlConfigurationBuilder - Configured Mule using "org.mule.config.spring.SpringXmlConfigurationBuilder" with configuration resource(s): "[ConfigResource{resourceName='/Users/alejandro/AnypointStudio/workspace/.mule/apps/portafolio1c/portafolio1c.xml'}]"
2015-11-13 13:34:29,795 [main] INFO  org.mule.config.builders.AutoConfigurationBuilder - Configured Mule using "org.mule.config.builders.AutoConfigurationBuilder" with configuration resource(s): "[ConfigResource{resourceName='/Users/alejandro/AnypointStudio/workspace/.mule/apps/portafolio1c/portafolio1c.xml'}]"
2015-11-13 13:34:29,796 [main] INFO  org.mule.module.launcher.application.DefaultMuleApplication - 
++++++++++++++++++++++++++++++++++++++++++++++++++++++++++++
+ Starting app 'portafolio1c'                              +
++++++++++++++++++++++++++++++++++++++++++++++++++++++++++++
2015-11-13 13:34:29,799 [main] INFO  org.mule.util.queue.QueueXaResourceManager - Starting ResourceManager
2015-11-13 13:34:29,800 [main] INFO  org.mule.util.queue.QueueXaResourceManager - Started ResourceManager
2015-11-13 13:34:29,830 [main] INFO  org.mule.transport.email.Pop3sConnector - Connected: Pop3sConnector
{
  name=POP3
  lifecycle=initialise
  this=38792286
  numberOfConcurrentTransactedReceivers=4
  createMultipleTransactedReceivers=true
  connected=true
  supportedProtocols=[pop3s]
  serviceOverrides=<none>
}

2015-11-13 13:34:29,831 [main] INFO  org.mule.transport.email.Pop3sConnector - Starting: Pop3sConnector
{
  name=POP3
  lifecycle=initialise
  this=38792286
  numberOfConcurrentTransactedReceivers=4
  createMultipleTransactedReceivers=true
  connected=true
  supportedProtocols=[pop3s]
  serviceOverrides=<none>
}

2015-11-13 13:34:29,831 [main] INFO  org.mule.lifecycle.AbstractLifecycleManager - Starting connector: POP3
2015-11-13 13:34:29,840 [main] INFO  org.mule.modules.oauth2.provider.agents.DefaultSplashScreenAgent - 
++++++++++++++++++++++++++++++++++++++++++++++++++++++++++++++++++++++++++++++++
+ DevKit Extensions (0) used in this application 
                             +
++++++++++++++++++++++++++++++++++++++++++++++++++++++++++++++++++++++++++++++++
2015-11-13 13:34:29,842 [main] INFO  org.mule.lifecycle.AbstractLifecycleManager - Starting model: _muleSystemModel
2015-11-13 13:34:29,845 [main] INFO  org.mule.construct.FlowConstructLifecycleManager - Starting flow: portafolio1cFlow
2015-11-13 13:34:29,846 [main] INFO  org.mule.processor.SedaStageLifecycleManager - Starting service: portafolio1cFlow.stage1
2015-11-13 13:34:29,857 [main] INFO  org.mule.transport.email.Pop3sConnector - Registering listener: portafolio1cFlow on endpointUri: pop3s://iap1516etsinf:****@pop.gmail.com:995
2015-11-13 13:34:29,883 [main] INFO  org.mule.transport.service.DefaultTransportServiceDescriptor - Loading default inbound transformer: org.mule.transport.email.transformers.EmailMessageToString
2015-11-13 13:34:29,889 [main] INFO  org.mule.lifecycle.AbstractLifecycleManager - Initialising: 'null'. Object is: RetrieveMessageReceiver
2015-11-13 13:34:29,892 [main] INFO  org.mule.transport.email.RetrieveMessageReceiver - Connecting clusterizable message receiver
2015-11-13 13:34:29,896 [main] INFO  org.mule.api.security.tls.TlsPropertiesMapper - Defaulting mule.email.pop3s trust store to client Key Store
2015-11-13 13:34:29,949 [main] WARN  org.mule.api.security.tls.TlsProperties - File tls-default.conf not found, using default configuration.
2015-11-13 13:34:31,710 [main] INFO  org.mule.lifecycle.AbstractLifecycleManager - Starting: 'null'. Object is: RetrieveMessageReceiver
2015-11-13 13:34:31,711 [main] INFO  org.mule.transport.email.RetrieveMessageReceiver - Starting clusterizable message receiver
2015-11-13 13:34:31,760 [main] INFO  org.mule.module.management.agent.WrapperManagerAgent - This JVM hasn't been launched by the wrapper, the agent will not run.
2015-11-13 13:34:31,791 [main] INFO  org.mule.module.management.agent.AbstractJmxAgent - Attempting to register service with name: Mule.portafolio1c:type=Endpoint,service="portafolio1cFlow",connector=POP3,name="endpoint.pop3s.iap1516etsinf.gmail.com.995"
2015-11-13 13:34:31,792 [main] INFO  org.mule.module.management.agent.AbstractJmxAgent - Registered Endpoint Service with name: Mule.portafolio1c:type=Endpoint,service="portafolio1cFlow",connector=POP3,name="endpoint.pop3s.iap1516etsinf.gmail.com.995"
2015-11-13 13:34:31,794 [main] INFO  org.mule.module.management.agent.AbstractJmxAgent - Registered Connector Service with name Mule.portafolio1c:type=Connector,name="POP3.1"
2015-11-13 13:34:31,800 [main] INFO  org.mule.DefaultMuleContext - 
**********************************************************************
* Application: portafolio1c                                          *
* OS encoding: /, Mule encoding: UTF-8                               *
*                                                                    *
* Agents Running:                                                    *
*   DevKit Extension Information                                     *
*   JMX Agent                                                        *
*   Batch module default engine                                      *
*   Wrapper Manager                                                  *
**********************************************************************
2015-11-13 13:35:32,721 [[portafolio1c].POP3.receiver.01] WARN  org.mule.api.security.tls.TlsProperties - File tls-default.conf not found, using default configuration.
2015-11-13 13:36:32,721 [[portafolio1c].POP3.receiver.01] WARN  org.mule.api.security.tls.TlsProperties - File tls-default.conf not found, using default configuration.
2015-11-13 13:37:32,720 [[portafolio1c].POP3.receiver.01] WARN  org.mule.api.security.tls.TlsProperties - File tls-default.conf not found, using default configuration.
2015-11-13 13:38:32,725 [[portafolio1c].POP3.receiver.01] WARN  org.mule.api.security.tls.TlsProperties - File tls-default.conf not found, using default configuration.
2015-11-13 13:39:32,724 [[portafolio1c].POP3.receiver.01] WARN  org.mule.api.security.tls.TlsProperties - File tls-default.conf not found, using default configuration.
2015-11-13 13:40:32,729 [[portafolio1c].POP3.receiver.01] WARN  org.mule.api.security.tls.TlsProperties - File tls-default.conf not found, using default configuration.
